MEAN OF LIFE TIME

 Mean life time of group 0 = 176062.625000 usec

 Mean life time of group 1 = 176275.750000 usec

 Mean life time of group 2 = 176577.875000 usec

 Mean life time of group 3 = 176767.250000 usec

 Mean life time of group 4 = 178655.500000 usec

 Mean life time of group 5 = 180497.375000 usec

 Mean life time of group 6 = 182151.250000 usec

 Mean life time of group 7 = 184154.250000 usec

 Mean life time of group 8 = 199079.750000 usec

 Mean life time of group 9 = 214349.625000 usec

 Mean life time of group 10 = 335492.500000 usec

 Mean life time of group 11 = 243582.000000 usec

 Mean life time of group 12 = 1588745.500000 usec

 Mean life time of group 13 = 1534066.125000 usec

 Mean life time of group 14 = 1352179.500000 usec

 Mean life time of group 15 = 1369275.750000 usec
MEAN OF RUNNING TIME

 Mean running time of group 0 = 230.875000 usec

 Mean running time of group 1 = 209.750000 usec

 Mean running time of group 2 = 299.000000 usec

 Mean running time of group 3 = 184.750000 usec

 Mean running time of group 4 = 1885.250000 usec

 Mean running time of group 5 = 1838.875000 usec

 Mean running time of group 6 = 1562.750000 usec

 Mean running time of group 7 = 1998.625000 usec

 Mean running time of group 8 = 14919.250000 usec

 Mean running time of group 9 = 15264.875000 usec

 Mean running time of group 10 = 14989.625000 usec

 Mean running time of group 11 = 14981.875000 usec

 Mean running time of group 12 = 174858.375000 usec

 Mean running time of group 13 = 200176.875000 usec

 Mean running time of group 14 = 191653.125000 usec

 Mean running time of group 15 = 177249.250000 usec

STANDARD DEVIATION OF LIFE TIME

 SD life time of group 0 = 93336.000000 usec

 SD life time of group 1 = 93329.000000 usec

 SD life time of group 2 = 93343.000000 usec

 SD life time of group 3 = 93354.000000 usec

 SD life time of group 4 = 93327.000000 usec

 SD life time of group 5 = 93322.000000 usec

 SD life time of group 6 = 93333.000000 usec

 SD life time of group 7 = 93370.000000 usec

 SD life time of group 8 = 93292.000000 usec

 SD life time of group 9 = 93101.000000 usec

 SD life time of group 10 = 116374.000000 usec

 SD life time of group 11 = 93139.000000 usec

 SD life time of group 12 = 36795.000000 usec

 SD life time of group 13 = 29485.000000 usec

 SD life time of group 14 = 49241.000000 usec

 SD life time of group 15 = 81853.000000 usec

STANDARD DEVIATION OF RUNNING TIME

 SD running time of group 0 = 128222.000000 usec

 SD running time of group 1 = 128297.000000 usec

 SD running time of group 2 = 128380.000000 usec

 SD running time of group 3 = 128493.000000 usec

 SD running time of group 4 = 128537.000000 usec

 SD running time of group 5 = 129185.000000 usec

 SD running time of group 6 = 129861.000000 usec

 SD running time of group 7 = 130434.000000 usec

 SD running time of group 8 = 131081.000000 usec

 SD running time of group 9 = 136295.000000 usec

 SD running time of group 10 = 198049.000000 usec

 SD running time of group 11 = 147442.000000 usec

 SD running time of group 12 = 707900.000000 usec

 SD running time of group 13 = 667596.000000 usec

 SD running time of group 14 = 582348.000000 usec

 SD running time of group 15 = 601607.000000 usec